<?xml version="1.0" encoding="utf-8"?><testsuites name="pytest tests"><testsuite name="pytest" errors="0" failures="0" skipped="0" tests="15" time="19.806" timestamp="2026-07-19T09:40:13.199366+00:00" hostname="agent-env-de05f151-dabe-47fe-b0ef-e71c47586047"><testcase classname="tests.test_backtest_optimizer.TestStrategies" name="test_list_contains_9_including_new" time="0.249" /><testcase classname="tests.test_backtest_optimizer.TestAuth" name="test_login_success" time="0.044" /><testcase classname="tests.test_backtest_optimizer.TestAuth" name="test_login_wrong_pw" time="0.044" /><testcase classname="tests.test_backtest_optimizer.TestBacktester" name="test_run_with_per_strategy_configs" time="0.140" /><testcase classname="tests.test_backtest_optimizer.TestBacktester" name="test_status_finishes_and_has_per_strategy_timeframes" time="4.111" /><testcase classname="tests.test_backtest_optimizer.TestBacktester" name="test_export_trades_csv" time="0.044" /><testcase classname="tests.test_backtest_optimizer.TestBacktester" name="test_export_candles_csv" time="0.082" /><testcase classname="tests.test_backtest_optimizer.TestBacktester" name="test_strategy_configs_get_and_set" time="0.174" /><testcase classname="tests.test_backtest_optimizer.TestOptimizer" name="test_run_params_mode" time="2.043" /><testcase classname="tests.test_backtest_optimizer.TestOptimizer" name="test_params_status_and_result" time="5.092" /><testcase classname="tests.test_backtest_optimizer.TestOptimizer" name="test_apply_params_writes_settings" time="0.208" /><testcase classname="tests.test_backtest_optimizer.TestOptimizer" name="test_run_discovery_mode" time="2.043" /><testcase classname="tests.test_backtest_optimizer.TestOptimizer" name="test_discovery_result_has_definition" time="5.084" /><testcase classname="tests.test_backtest_optimizer.TestOptimizer" name="test_apply_strategy_creates_custom" time="0.190" /><testcase classname="tests.test_backtest_optimizer.TestSettingsTimeframes" name="test_set_and_reset_strategy_timeframes" time="0.173" /></testsuite></testsuites>