<?xml version="1.0" encoding="utf-8"?><testsuites name="pytest tests"><testsuite name="pytest" errors="0" failures="0" skipped="0" tests="4" time="10.215" timestamp="2026-07-24T16:39:51.446716+00:00" hostname="agent-env-47c64c8b-9ad9-4b80-a943-b356ebb8c867"><testcase classname="tests.test_iter7_review" name="test_extra_gets_from_review" time="9.815" /><testcase classname="tests.test_iter7_review" name="test_settings_write_requires_admin_and_ok_with_token" time="0.006" /><testcase classname="tests.test_iter7_review" name="test_backtest_run_liquidation_protection_and_exports" time="0.047" /><testcase classname="tests.test_iter7_review" name="test_optimizer_body_sessions_field_accepted" time="0.003" /></testsuite></testsuites>