<?xml version="1.0" encoding="utf-8"?><testsuites name="pytest tests"><testsuite name="pytest" errors="0" failures="0" skipped="0" tests="11" time="47.529" timestamp="2026-07-20T13:38:16.012692+00:00" hostname="agent-env-84aebac2-2654-48d3-8e02-c8537ed8ce37"><testcase classname="tests.test_new_features_iter2.TestBacktestNewFields" name="test_days_clamped_and_new_fields_accepted" time="6.553" /><testcase classname="tests.test_new_features_iter2.TestBacktestNewFields" name="test_small_run_returns_secured_and_be_moved" time="5.201" /><testcase classname="tests.test_new_features_iter2.TestRelVolumeHardFilter" name="test_high_rel_vol_reduces_trades" time="10.435" /><testcase classname="tests.test_new_features_iter2.TestOptimizerBayes" name="test_params_bayes_algorithm" time="10.337" /><testcase classname="tests.test_new_features_iter2.TestOptimizerBayes" name="test_optimizer_cancel" time="7.308" /><testcase classname="tests.test_new_features_iter2.TestOptimizerDiscoveryBase" name="test_create_base_custom_strategy" time="0.044" /><testcase classname="tests.test_new_features_iter2.TestOptimizerDiscoveryBase" name="test_discovery_from_base_strategy" time="7.219" /><testcase classname="tests.test_new_features_iter2.TestOptimizerDiscoveryBase" name="test_apply_strategy_update_existing" time="0.086" /><testcase classname="tests.test_new_features_iter2.TestOptimizerDiscoveryBase" name="test_apply_backtest_writes_configs" time="0.091" /><testcase classname="tests.test_new_features_iter2.TestOptimizerDiscoveryBase" name="test_cleanup_custom" time="0.044" /><testcase classname="tests.test_new_features_iter2.TestSettingsSessions" name="test_persist_strategy_sessions" time="0.133" /></testsuite></testsuites>