<?xml version="1.0" encoding="utf-8"?><testsuites name="pytest tests"><testsuite name="pytest" errors="0" failures="0" skipped="0" tests="5" time="18.632" timestamp="2026-07-24T08:52:58.753511+00:00" hostname="agent-env-69dfaf25-411b-44a9-bc52-b9c8fadd877e"><testcase classname="tests.test_iter5_optimizer_equity.TestOptimizerEquity" name="test_scope_optimized_returns_points" time="9.184" /><testcase classname="tests.test_iter5_optimizer_equity.TestOptimizerEquity" name="test_scope_all_includes_more_or_equal_symbols" time="8.358" /><testcase classname="tests.test_iter5_optimizer_equity.TestOptimizerEquity" name="test_unknown_id_returns_404" time="0.044" /><testcase classname="tests.test_iter5_optimizer_equity.TestOptimizerEquity" name="test_public_access" time="0.869" /><testcase classname="tests.test_iter5_optimizer_equity.TestBacktestEquityRegression" name="test_backtest_equity_still_works" time="0.129" /></testsuite></testsuites>