<?xml version="1.0" encoding="utf-8"?><testsuites name="pytest tests"><testsuite name="pytest" errors="0" failures="1" skipped="0" tests="9" time="2.612" timestamp="2026-07-27T17:53:12.525432+00:00" hostname="agent-env-fcb292b7-0edb-4bd3-abfa-ec65d3aa52fd"><testcase classname="tests.test_iter12_dynamic_optimizer.TestDiscoveryOptimizer" name="test_admin_login" time="1.455" /><testcase classname="tests.test_iter12_dynamic_optimizer.TestDiscoveryOptimizer" name="test_start_discovery" time="0.256" /><testcase classname="tests.test_iter12_dynamic_optimizer.TestDiscoveryOptimizer" name="test_poll_done" time="0.196" /><testcase classname="tests.test_iter12_dynamic_optimizer.TestDiscoveryOptimizer" name="test_top0_checks" time="0.000" /><testcase classname="tests.test_iter12_dynamic_optimizer.TestDiscoveryOptimizer" name="test_top0_rank_reason_and_fail" time="0.000" /><testcase classname="tests.test_iter12_dynamic_optimizer.TestDiscoveryOptimizer" name="test_equity_fast_stored" time="0.130" /><testcase classname="tests.test_iter12_dynamic_optimizer.TestDiscoveryOptimizer" name="test_export_trades_csv" time="0.136" /><testcase classname="tests.test_iter12_dynamic_optimizer.TestDiscoveryOptimizer" name="test_export_equity_csv" time="0.124" /><testcase classname="tests.test_iter12_dynamic_optimizer.TestDiscoveryOptimizer" name="test_history_checks" time="0.207"><failure message="AttributeError: 'str' object has no attribute 'get'">backend/tests/test_iter12_dynamic_optimizer.py:167: in test_history_checks
    if it.get("job_id") == TestDiscoveryOptimizer.job_id or \
       ^^^^^^
E   AttributeError: 'str' object has no attribute 'get'</failure></testcase></testsuite></testsuites>