<?xml version="1.0" encoding="utf-8"?><testsuites name="pytest tests"><testsuite name="pytest" errors="0" failures="0" skipped="0" tests="11" time="10.597" timestamp="2026-07-22T07:36:37.588460+00:00" hostname="agent-env-5cd02bdf-956c-4aee-a973-e0095653cb87"><testcase classname="tests.test_iter3_system_ram_backtest_apply.TestSystemRam" name="test_ram_shape" time="5.513" /><testcase classname="tests.test_iter3_system_ram_backtest_apply.TestBacktestRun" name="test_backtest_fast_path_liquidations" time="5.631" /><testcase classname="tests.test_iter3_system_ram_backtest_apply.TestSystemRam" name="test_cache_clear_requires_admin" time="0.118" /><testcase classname="tests.test_iter3_system_ram_backtest_apply.TestBacktestRun" name="test_backtest_legacy_path" time="2.238" /><testcase classname="tests.test_iter3_system_ram_backtest_apply.TestSystemRam" name="test_cache_clear_with_admin" time="0.313" /><testcase classname="tests.test_iter3_system_ram_backtest_apply.TestAuth" name="test_login_success" time="0.070" /><testcase classname="tests.test_iter3_system_ram_backtest_apply.TestAuth" name="test_login_wrong_password" time="0.066" /><testcase classname="tests.test_iter3_system_ram_backtest_apply.TestBacktestApply" name="test_apply_paper_and_verify" time="0.268" /><testcase classname="tests.test_iter3_system_ram_backtest_apply.TestBacktestRun" name="test_backtest_strategy_configs_timeframe" time="2.233" /><testcase classname="tests.test_iter3_system_ram_backtest_apply.TestResetEndpoints" name="test_backtest_reset" time="0.081" /><testcase classname="tests.test_iter3_system_ram_backtest_apply.TestResetEndpoints" name="test_optimizer_reset" time="0.045" /></testsuite></testsuites>