<?xml version="1.0" encoding="utf-8"?><testsuites name="pytest tests"><testsuite name="pytest" errors="0" failures="0" skipped="0" tests="15" time="10.977" timestamp="2026-07-24T14:48:00.886768+00:00" hostname="agent-env-916e22cd-bbfe-4e42-9a10-4b74d9e7f968"><testcase classname="tests.test_ai_trader.TestStrategiesRegistry" name="test_strategies_contains_ai_trader" time="1.205" /><testcase classname="tests.test_ai_trader.TestAIStatus" name="test_status_shape" time="0.112" /><testcase classname="tests.test_ai_trader.TestAIConfig" name="test_config_requires_admin" time="0.129" /><testcase classname="tests.test_ai_trader.TestAIConfig" name="test_config_update_and_persist" time="0.510" /><testcase classname="tests.test_ai_trader.TestAIAnalyzeSeed" name="test_decisions_present" time="0.134" /><testcase classname="tests.test_ai_trader.TestAIChatHistory" name="test_history_contains_analysis" time="0.112" /><testcase classname="tests.test_ai_trader.TestAIChatStream" name="test_chat_streams_sse" time="7.461" /><testcase classname="tests.test_ai_trader.TestAINews" name="test_news_headlines" time="0.091" /><testcase classname="tests.test_ai_trader.TestAIChatClearAuth" name="test_clear_requires_admin" time="0.092" /><testcase classname="tests.test_ai_trader.TestRegression" name="test_get_endpoint_ok[/api/signals]" time="0.084" /><testcase classname="tests.test_ai_trader.TestRegression" name="test_get_endpoint_ok[/api/performance]" time="0.296" /><testcase classname="tests.test_ai_trader.TestRegression" name="test_get_endpoint_ok[/api/settings]" time="0.091" /><testcase classname="tests.test_ai_trader.TestRegression" name="test_get_endpoint_ok[/api/autotrade/config]" time="0.203" /><testcase classname="tests.test_ai_trader.TestRegression" name="test_get_endpoint_ok[/api/strategies]" time="0.101" /><testcase classname="tests.test_ai_trader.TestRegression" name="test_auth_login_regression" time="0.242" /></testsuite></testsuites>