<?xml version="1.0" encoding="utf-8"?><testsuites name="pytest tests"><testsuite name="pytest" errors="0" failures="1" skipped="0" tests="8" time="11.060" timestamp="2026-07-27T17:54:17.116963+00:00" hostname="agent-env-fcb292b7-0edb-4bd3-abfa-ec65d3aa52fd"><testcase classname="tests.test_iter12_dynamic_optimizer.TestDynamicOptimizer" name="test_start_dynamic" time="0.454" /><testcase classname="tests.test_iter12_dynamic_optimizer.TestDynamicOptimizer" name="test_poll_dynamic" time="5.278" /><testcase classname="tests.test_iter12_dynamic_optimizer.TestDynamicOptimizer" name="test_dynamic_shape" time="0.000" /><testcase classname="tests.test_iter12_dynamic_optimizer.TestDynamicOptimizer" name="test_dynamic_save" time="0.210" /><testcase classname="tests.test_iter12_dynamic_optimizer.TestDynamicOptimizer" name="test_dynamic_list" time="0.223"><failure message="AttributeError: 'str' object has no attribute 'get'">backend/tests/test_iter12_dynamic_optimizer.py:330: in test_dynamic_list
    ids = [it.get("id") for it in items]
          ^^^^^^^^^^^^^^^^^^^^^^^^^^^^^^
backend/tests/test_iter12_dynamic_optimizer.py:330: in &lt;listcomp&gt;
    ids = [it.get("id") for it in items]
           ^^^^^^
E   AttributeError: 'str' object has no attribute 'get'</failure></testcase><testcase classname="tests.test_iter12_dynamic_optimizer.TestDynamicOptimizer" name="test_dynamic_refresh" time="4.530" /><testcase classname="tests.test_iter12_dynamic_optimizer.TestDynamicOptimizer" name="test_dynamic_apply" time="0.154" /><testcase classname="tests.test_iter12_dynamic_optimizer.TestDynamicOptimizer" name="test_dynamic_delete" time="0.137" /></testsuite></testsuites>