<?xml version="1.0" encoding="utf-8"?><testsuites name="pytest tests"><testsuite name="pytest" errors="0" failures="2" skipped="0" tests="10" time="495.307" timestamp="2026-07-28T09:08:48.046777+00:00" hostname="agent-env-c87fbdd5-3774-476e-a551-354ad747a5f5"><testcase classname="tests.test_iter16_optimizer_pool_regression.TestOptimizerDiscoveryCombo" name="test_discovery" time="4.802" /><testcase classname="tests.test_iter16_optimizer_pool_regression.TestBacktestCloudExports" name="test_run" time="4.385"><failure message="AttributeError: 'list' object has no attribute 'values'">backend/tests/test_iter16_optimizer_pool_regression.py:260: in test_run
    trades_total = sum(int((v or {}).get("trades", 0)) for v in per_pair.values())
                                                                ^^^^^^^^^^^^^^^
E   AttributeError: 'list' object has no attribute 'values'</failure></testcase><testcase classname="tests.test_iter16_optimizer_pool_regression.TestBacktestCloudExports" name="test_export_candles" time="0.557" /><testcase classname="tests.test_iter16_optimizer_pool_regression.TestOptimizerDiscoveryCombo" name="test_combo" time="481.325"><failure message="AssertionError: Timeout for opt 41c23cd50d91. Last: {'id': '41c23cd50d91', 'status': 'cancelled', 'progress': 67, 'phase': 'Abgebrochen', 'params': {'mode': 'combo', 'strategy_id': None, 'symbols': ['BTCUSDT'], 'days': 90, 'timeframe': '5m', 'objective': None, 'iterations': 6, 'min_trades': 3, 'max_rules': 2, 'indicators': ['rsi', 'ema_fast'], 'algorithm': None, 'base_strategy_id': None, 'sessions': None, 'walk_forward': None, 'dd_filter': None, 'constancy': None, 'dynamic': None, 'execution': 'cloud'}, 'best': {'rules': {'long': ['RSI &lt; 24.032'], 'short': ['RSI &gt; 92.703']}, 'metrics': {'trades': 157, 'wins': 83, 'losses': 74, 'breakevens': 0, 'pnl': -141.46, 'fees': 188.43, 'max_drawdown': 144.64, 'win_rate': 52.9, 'avg_pnl': -0.901, 'pnl_pct': -141.5, 'max_drawdown_pct': 144.6}}, 'cancel': True, 'created_at': '2026-07-28T09:08:53.283045+00:00', 'result': None, 'error': None, 'elapsed_seconds': 477}">backend/tests/test_iter16_optimizer_pool_regression.py:177: in test_combo
    res = self._run(auth, "combo")
          ^^^^^^^^^^^^^^^^^^^^^^^^
backend/tests/test_iter16_optimizer_pool_regression.py:162: in _run
    job = _poll_opt(jid, auth, timeout=480)
          ^^^^^^^^^^^^^^^^^^^^^^^^^^^^^^^^^
backend/tests/test_iter16_optimizer_pool_regression.py:58: in _poll_opt
    raise AssertionError(f"Timeout for opt {job_id}. Last: {last}")
E   AssertionError: Timeout for opt 41c23cd50d91. Last: {'id': '41c23cd50d91', 'status': 'cancelled', 'progress': 67, 'phase': 'Abgebrochen', 'params': {'mode': 'combo', 'strategy_id': None, 'symbols': ['BTCUSDT'], 'days': 90, 'timeframe': '5m', 'objective': None, 'iterations': 6, 'min_trades': 3, 'max_rules': 2, 'indicators': ['rsi', 'ema_fast'], 'algorithm': None, 'base_strategy_id': None, 'sessions': None, 'walk_forward': None, 'dd_filter': None, 'constancy': None, 'dynamic': None, 'execution': 'cloud'}, 'best': {'rules': {'long': ['RSI &lt; 24.032'], 'short': ['RSI &gt; 92.703']}, 'metrics': {'trades': 157, 'wins': 83, 'losses': 74, 'breakevens': 0, 'pnl': -141.46, 'fees': 188.43, 'max_drawdown': 144.64, 'win_rate': 52.9, 'avg_pnl': -0.901, 'pnl_pct': -141.5, 'max_drawdown_pct': 144.6}}, 'cancel': True, 'created_at': '2026-07-28T09:08:53.283045+00:00', 'result': None, 'error': None, 'elapsed_seconds': 477}</failure></testcase><testcase classname="tests.test_iter16_optimizer_pool_regression.TestBacktestCloudExports" name="test_export_trades" time="0.207" /><testcase classname="tests.test_iter16_optimizer_pool_regression.TestLocalWorkerStatus" name="test_required_version" time="0.113" /><testcase classname="tests.test_iter16_optimizer_pool_regression.TestCurrentRegime" name="test_btc_60d" time="0.192" /><testcase classname="tests.test_iter16_optimizer_pool_regression.TestOptimizerParams" name="test_params_run" time="4.422" /><testcase classname="tests.test_iter16_optimizer_pool_regression.TestOptimizerDynamic" name="test_per_regime_true" time="4.440" /><testcase classname="tests.test_iter16_optimizer_pool_regression.TestOptimizerDynamic" name="test_per_regime_false" time="4.401" /></testsuite></testsuites>