<?xml version="1.0" encoding="utf-8"?><testsuites name="pytest tests"><testsuite name="pytest" errors="0" failures="0" skipped="0" tests="23" time="20.441" timestamp="2026-07-27T17:55:23.091850+00:00" hostname="agent-env-fcb292b7-0edb-4bd3-abfa-ec65d3aa52fd"><testcase classname="tests.test_iter12_dynamic_optimizer.TestDiscoveryOptimizer" name="test_admin_login" time="7.968" /><testcase classname="tests.test_iter12_dynamic_optimizer.TestDiscoveryOptimizer" name="test_start_discovery" time="0.277" /><testcase classname="tests.test_iter12_dynamic_optimizer.TestDiscoveryOptimizer" name="test_poll_done" time="0.148" /><testcase classname="tests.test_iter12_dynamic_optimizer.TestDiscoveryOptimizer" name="test_top0_checks" time="0.000" /><testcase classname="tests.test_iter12_dynamic_optimizer.TestDiscoveryOptimizer" name="test_top0_rank_reason_and_fail" time="0.000" /><testcase classname="tests.test_iter12_dynamic_optimizer.TestDiscoveryOptimizer" name="test_equity_fast_stored" time="0.117" /><testcase classname="tests.test_iter12_dynamic_optimizer.TestDiscoveryOptimizer" name="test_export_trades_csv" time="0.152" /><testcase classname="tests.test_iter12_dynamic_optimizer.TestDiscoveryOptimizer" name="test_export_equity_csv" time="0.127" /><testcase classname="tests.test_iter12_dynamic_optimizer.TestDiscoveryOptimizer" name="test_history_checks" time="0.141" /><testcase classname="tests.test_iter12_dynamic_optimizer.TestOptimizerApplyParams" name="test_apply_params_with_timeframe" time="0.160" /><testcase classname="tests.test_iter12_dynamic_optimizer.TestOptimizerApplyParams" name="test_strategy_configs_timeframe" time="0.113" /><testcase classname="tests.test_iter12_dynamic_optimizer.TestBacktesterRegression" name="test_start_backtest" time="0.120" /><testcase classname="tests.test_iter12_dynamic_optimizer.TestBacktesterRegression" name="test_poll_backtest" time="0.137" /><testcase classname="tests.test_iter12_dynamic_optimizer.TestBacktesterRegression" name="test_backtest_equity" time="0.117" /><testcase classname="tests.test_iter12_dynamic_optimizer.TestBacktesterRegression" name="test_backtest_export_trades" time="0.145" /><testcase classname="tests.test_iter12_dynamic_optimizer.TestDynamicOptimizer" name="test_start_dynamic" time="0.245" /><testcase classname="tests.test_iter12_dynamic_optimizer.TestDynamicOptimizer" name="test_poll_dynamic" time="5.248" /><testcase classname="tests.test_iter12_dynamic_optimizer.TestDynamicOptimizer" name="test_dynamic_shape" time="0.000" /><testcase classname="tests.test_iter12_dynamic_optimizer.TestDynamicOptimizer" name="test_dynamic_save" time="0.118" /><testcase classname="tests.test_iter12_dynamic_optimizer.TestDynamicOptimizer" name="test_dynamic_list" time="0.138" /><testcase classname="tests.test_iter12_dynamic_optimizer.TestDynamicOptimizer" name="test_dynamic_refresh" time="4.546" /><testcase classname="tests.test_iter12_dynamic_optimizer.TestDynamicOptimizer" name="test_dynamic_apply" time="0.170" /><testcase classname="tests.test_iter12_dynamic_optimizer.TestDynamicOptimizer" name="test_dynamic_delete" time="0.158" /></testsuite></testsuites>