<?xml version="1.0" encoding="utf-8"?><testsuites name="pytest tests"><testsuite name="pytest" errors="0" failures="0" skipped="0" tests="14" time="11.499" timestamp="2026-07-27T20:30:15.806835+00:00" hostname="agent-env-fcb292b7-0edb-4bd3-abfa-ec65d3aa52fd"><testcase classname="tests.test_iter13_bugfixes_features.TestWorkerGate" name="test_local_dynamic_gate_present" time="8.398" /><testcase classname="tests.test_iter13_bugfixes_features.TestWorkerGate" name="test_worker_supports_dynamic_unit" time="0.355" /><testcase classname="tests.test_iter13_bugfixes_features.TestWorkerGate" name="test_worker_py_version" time="0.000" /><testcase classname="tests.test_iter13_bugfixes_features.TestOOMGuard" name="test_equity_big_run_400" time="0.894" /><testcase classname="tests.test_iter13_bugfixes_features.TestOOMGuard" name="test_equity_dynamic_no_trades_400" time="0.945" /><testcase classname="tests.test_iter13_bugfixes_features.TestDueUnit" name="test_due_disabled" time="0.102" /><testcase classname="tests.test_iter13_bugfixes_features.TestDueUnit" name="test_due_never_checked" time="0.000" /><testcase classname="tests.test_iter13_bugfixes_features.TestDueUnit" name="test_due_recent" time="0.000" /><testcase classname="tests.test_iter13_bugfixes_features.TestDueUnit" name="test_due_stale" time="0.000" /><testcase classname="tests.test_iter13_bugfixes_features.TestLearning" name="test_summary_public" time="0.130" /><testcase classname="tests.test_iter13_bugfixes_features.TestDynamicManagement" name="test_settings_update" time="0.229" /><testcase classname="tests.test_iter13_bugfixes_features.TestDynamicManagement" name="test_log_endpoint" time="0.139" /><testcase classname="tests.test_iter13_bugfixes_features.TestRegression" name="test_reset_available" time="0.110" /><testcase classname="tests.test_iter13_bugfixes_features.TestRegression" name="test_dynamic_list" time="0.117" /></testsuite></testsuites>