<?xml version="1.0" encoding="utf-8"?><testsuites name="pytest tests"><testsuite name="pytest" errors="0" failures="0" skipped="0" tests="8" time="45.132" timestamp="2026-07-24T18:49:58.861901+00:00" hostname="agent-env-02d6298d-09bb-49cf-be31-55830e84b323"><testcase classname="tests.test_iter9_e2e" name="test_cloud_backtest_regression" time="8.783" /><testcase classname="tests.test_iter9_e2e" name="test_cloud_optimizer_params_regression" time="0.416" /><testcase classname="tests.test_iter9_e2e" name="test_cloud_optimizer_discovery_regression" time="1.446" /><testcase classname="tests.test_iter9_e2e" name="test_worker_status" time="0.108" /><testcase classname="tests.test_iter9_e2e" name="test_local_multicore_backtest" time="2.704" /><testcase classname="tests.test_iter9_e2e" name="test_local_determinism_cores_1_vs_0" time="21.489" /><testcase classname="tests.test_iter9_e2e" name="test_local_multicore_optimizer" time="2.768" /><testcase classname="tests.test_iter9_e2e" name="test_local_optimizer_cancel_then_new_job" time="7.341" /></testsuite></testsuites>