<?xml version="1.0" encoding="utf-8"?><testsuites name="pytest tests"><testsuite name="pytest" errors="0" failures="0" skipped="0" tests="25" time="4.810" timestamp="2026-07-24T18:47:47.745047+00:00" hostname="agent-env-02d6298d-09bb-49cf-be31-55830e84b323"><testcase classname="tests.test_multicore.TestWorkersConfigured" name="test_env_semantics" time="0.000" /><testcase classname="tests.test_multicore.TestBacktestEquivalence" name="test_custom_strategy_pool_vs_sequential" time="0.100" /><testcase classname="tests.test_multicore.TestBacktestEquivalence" name="test_legacy_path_pool_vs_sequential" time="1.973" /><testcase classname="tests.test_multicore.TestBacktestEquivalence" name="test_builtin_strategy_in_child" time="0.037" /><testcase classname="tests.test_multicore.TestOptimizerEquivalence" name="test_evaluate_task_pool_vs_sequential" time="0.118" /><testcase classname="tests.test_local_worker.TestLocalWorkerEndpoints" name="test_status_endpoint_shape" time="0.005" /><testcase classname="tests.test_local_worker.TestLocalWorkerEndpoints" name="test_worker_endpoints_require_token" time="0.004" /><testcase classname="tests.test_local_worker.TestLocalWorkerEndpoints" name="test_settings_write_requires_admin_and_roundtrip" time="0.007" /><testcase classname="tests.test_local_worker.TestLocalWorkerEndpoints" name="test_token_requires_admin" time="0.002" /><testcase classname="tests.test_local_worker.TestLocalWorkerEndpoints" name="test_package_zip" time="0.012" /><testcase classname="tests.test_local_worker.TestLocalWorkerEndpoints" name="test_local_run_without_worker_rejected" time="0.004" /><testcase classname="tests.test_local_worker.TestLocalJobRoundtrip" name="test_backtest_roundtrip" time="0.020" /><testcase classname="tests.test_local_worker.TestLocalJobRoundtrip" name="test_optimizer_roundtrip_with_cancel" time="0.012" /><testcase classname="tests.test_local_worker.TestLocalJobRoundtrip" name="test_data_job_roundtrip" time="0.010" /><testcase classname="tests.test_local_worker.TestLocalJobRoundtrip" name="test_data_endpoints_validate" time="0.004" /><testcase classname="tests.test_local_worker.TestCloudRegression" name="test_cloud_backtest_still_works" time="2.007" /><testcase classname="tests.test_local_worker.TestCloudRegression" name="test_existing_endpoints_unchanged" time="0.009" /><testcase classname="tests.test_refactor_regression" name="test_health_and_core_endpoints" time="0.020" /><testcase classname="tests.test_refactor_regression" name="test_write_endpoints_require_admin" time="0.003" /><testcase classname="tests.test_refactor_regression" name="test_optimizer_apply_strategy_timeframe_single_source" time="0.015" /><testcase classname="tests.test_refactor_regression" name="test_duplicate_strategy" time="0.018" /><testcase classname="tests.test_refactor_regression" name="test_custom_strategy_timeframe_sync_on_create" time="0.007" /><testcase classname="tests.test_refactor_regression" name="test_simulate_pair_no_liquidation_with_trailing_sl" time="0.005" /><testcase classname="tests.test_refactor_regression" name="test_optimizer_run_accepts_fixed_sessions" time="0.004" /><testcase classname="tests.test_refactor_regression" name="test_backtest_run_validation_unchanged" time="0.003" /></testsuite></testsuites>