<?xml version="1.0" encoding="utf-8"?><testsuites name="pytest tests"><testsuite name="pytest" errors="0" failures="0" skipped="0" tests="2" time="25.105" timestamp="2026-07-28T01:03:25.685393+00:00" hostname="agent-env-c87fbdd5-3774-476e-a551-354ad747a5f5"><testcase classname="tests.test_iter15_refactor_candles.TestDynamicOptimizer" name="test_per_regime_true" time="20.052" /><testcase classname="tests.test_iter15_refactor_candles.TestDynamicOptimizer" name="test_per_regime_false" time="5.005" /></testsuite></testsuites>