<?xml version="1.0" encoding="utf-8"?><testsuites name="pytest tests"><testsuite name="pytest" errors="0" failures="0" skipped="0" tests="8" time="0.858" timestamp="2026-07-24T16:39:23.729471+00:00" hostname="agent-env-47c64c8b-9ad9-4b80-a943-b356ebb8c867"><testcase classname="tests.test_refactor_regression" name="test_health_and_core_endpoints" time="0.032" /><testcase classname="tests.test_refactor_regression" name="test_write_endpoints_require_admin" time="0.003" /><testcase classname="tests.test_refactor_regression" name="test_optimizer_apply_strategy_timeframe_single_source" time="0.014" /><testcase classname="tests.test_refactor_regression" name="test_duplicate_strategy" time="0.017" /><testcase classname="tests.test_refactor_regression" name="test_custom_strategy_timeframe_sync_on_create" time="0.007" /><testcase classname="tests.test_refactor_regression" name="test_simulate_pair_no_liquidation_with_trailing_sl" time="0.370" /><testcase classname="tests.test_refactor_regression" name="test_optimizer_run_accepts_fixed_sessions" time="0.004" /><testcase classname="tests.test_refactor_regression" name="test_backtest_run_validation_unchanged" time="0.003" /></testsuite></testsuites>