<?xml version="1.0" encoding="utf-8"?><testsuites name="pytest tests"><testsuite name="pytest" errors="0" failures="0" skipped="0" tests="2" time="36.775" timestamp="2026-07-25T14:34:59.495484+00:00" hostname="agent-env-98651286-e903-4267-97d7-9dc0f085a1c2"><testcase classname="tests.test_ai_trader_iter10.TestAIAnalyzeChat" name="test_analyze_runs_and_history_updated" time="29.839" /><testcase classname="tests.test_ai_trader_iter10.TestAIAnalyzeChat" name="test_chat_sse_platform_knowledge" time="6.360" /></testsuite></testsuites>