<?xml version="1.0" encoding="utf-8"?><testsuites name="pytest tests"><testsuite name="pytest" errors="0" failures="0" skipped="0" tests="11" time="8.034" timestamp="2026-07-22T12:42:37.227605+00:00" hostname="agent-env-69dfaf25-411b-44a9-bc52-b9c8fadd877e"><testcase classname="tests.test_iter4_export_import_autolev_equity.TestBacktestAutoLevAndDays" name="test_backtest_auto_leverage_and_pnl_pct" time="3.748" /><testcase classname="tests.test_iter4_export_import_autolev_equity.TestStrategyBackup" name="test_export_custom_strategy" time="3.767" /><testcase classname="tests.test_iter4_export_import_autolev_equity.TestBacktestAutoLevAndDays" name="test_backtest_days_cap_accepts_1440" time="1.275" /><testcase classname="tests.test_iter4_export_import_autolev_equity.TestStrategyBackup" name="test_export_import_roundtrip_delete_restore" time="0.518" /><testcase classname="tests.test_iter4_export_import_autolev_equity.TestOptimizer" name="test_optimizer_params_with_new_groups" time="2.196" /><testcase classname="tests.test_iter4_export_import_autolev_equity.TestBacktestAutoLevAndDays" name="test_backtest_date_range" time="2.170" /><testcase classname="tests.test_iter4_export_import_autolev_equity.TestOptimizer" name="test_optimizer_discovery_trade_params" time="0.377" /><testcase classname="tests.test_iter4_export_import_autolev_equity.TestBacktestDefinitionOverride" name="test_backtest_strategy_configs_definition_override" time="0.255" /><testcase classname="tests.test_iter4_export_import_autolev_equity.TestAutotradeAutoLeverage" name="test_set_and_read_auto_leverage" time="0.135" /><testcase classname="tests.test_iter4_export_import_autolev_equity.TestAuth" name="test_login_admin" time="0.046" /><testcase classname="tests.test_iter4_export_import_autolev_equity.TestEquityEndpoint" name="test_equity_and_csv" time="0.235" /></testsuite></testsuites>