<?xml version="1.0" encoding="utf-8"?><testsuites name="pytest tests"><testsuite name="pytest" errors="0" failures="0" skipped="0" tests="13" time="120.321" timestamp="2026-07-25T14:35:46.905622+00:00" hostname="agent-env-98651286-e903-4267-97d7-9dc0f085a1c2"><testcase classname="tests.test_ai_trader_iter10.TestRegression" name="test_health" time="0.239" /><testcase classname="tests.test_ai_trader_iter10.TestAIProposals" name="test_proposals_listed" time="0.285" /><testcase classname="tests.test_ai_trader_iter10.TestRegression" name="test_strategies" time="0.104" /><testcase classname="tests.test_ai_trader_iter10.TestAIProposals" name="test_proposal_reject" time="0.325" /><testcase classname="tests.test_ai_trader_iter10.TestRegression" name="test_autotrade_config" time="0.200" /><testcase classname="tests.test_ai_trader_iter10.TestAIStatus" name="test_ai_status_has_new_config_keys" time="0.100" /><testcase classname="tests.test_ai_trader_iter10.TestAIProposals" name="test_proposal_approve_applies_change" time="0.514" /><testcase classname="tests.test_ai_trader_iter10.TestAIStatus" name="test_ai_insights" time="0.102" /><testcase classname="tests.test_ai_trader_iter10.TestAIAnalyzeChat" name="test_analyze_runs_and_history_updated" time="43.315" /><testcase classname="tests.test_ai_trader_iter10.TestAIConfig" name="test_config_autonomy_persist" time="0.391" /><testcase classname="tests.test_ai_trader_iter10.TestAIConfig" name="test_config_invalid_value_ignored" time="0.314" /><testcase classname="tests.test_ai_trader_iter10.TestAIAnalyzeChat" name="test_chat_sse_platform_knowledge" time="2.962" /><testcase classname="tests.test_ai_trader_iter10.TestAILearning" name="test_learn_run" time="72.817" /></testsuite></testsuites>