<?xml version="1.0" encoding="utf-8"?><testsuites name="pytest tests"><testsuite name="pytest" errors="0" failures="0" skipped="0" tests="12" time="3.667" timestamp="2026-07-21T17:03:38.190363+00:00" hostname="agent-env-aeed40d0-6fec-48b5-84ce-73feade80213"><testcase classname="tests.test_capital_and_optimizer.TestCapital" name="test_get_capital_structure" time="0.144" /><testcase classname="tests.test_capital_and_optimizer.TestCapital" name="test_post_capital_requires_admin" time="0.129" /><testcase classname="tests.test_capital_and_optimizer.TestCapital" name="test_invalid_scope" time="0.487" /><testcase classname="tests.test_capital_and_optimizer.TestCapital" name="test_invalid_mode" time="0.132" /><testcase classname="tests.test_capital_and_optimizer.TestCapital" name="test_fixed_le_zero" time="0.697" /><testcase classname="tests.test_capital_and_optimizer.TestCapital" name="test_percent_over_100" time="0.125" /><testcase classname="tests.test_capital_and_optimizer.TestCapital" name="test_paper_percent_computes_allocated" time="0.378" /><testcase classname="tests.test_capital_and_optimizer.TestTradesPnlPct" name="test_pnl_pct_present" time="0.623" /><testcase classname="tests.test_capital_and_optimizer.TestOptimizerApply" name="test_scope_coins_missing_symbols" time="0.123" /><testcase classname="tests.test_capital_and_optimizer.TestOptimizerApply" name="test_scope_coins_success" time="0.233" /><testcase classname="tests.test_capital_and_optimizer.TestOptimizerApply" name="test_scope_global_success" time="0.135" /><testcase classname="tests.test_capital_and_optimizer" name="test_zzz_cleanup_defaults" time="0.337" /></testsuite></testsuites>