<?xml version="1.0" encoding="utf-8"?><testsuites name="pytest tests"><testsuite name="pytest" errors="0" failures="0" skipped="0" tests="4" time="1.782" timestamp="2026-07-28T13:52:40.353444+00:00" hostname="agent-env-4d1d96fd-6458-4733-8a3a-52d2698abc6b"><testcase classname="tests.test_regime_lab.TestRegimeLabWorkflow" name="test_02_regression_endpoints" time="0.347" /><testcase classname="tests.test_regime_lab.TestRegimeLabWorkflow" name="test_03_seeded_analysis_schema_labels_and_persistence" time="0.184" /><testcase classname="tests.test_regime_lab.TestRegimeLabWorkflow" name="test_04a_mutations_reject_missing_regime_id" time="0.202" /><testcase classname="tests.test_regime_lab.TestRegimeLabWorkflow" name="test_04b_discarded_regime_is_excluded_from_build_and_optimize" time="0.435" /></testsuite></testsuites>