<?xml version="1.0" encoding="utf-8"?><testsuites name="pytest tests"><testsuite name="pytest" errors="0" failures="3" skipped="0" tests="12" time="39.268" timestamp="2026-07-28T13:44:30.167735+00:00" hostname="agent-env-4d1d96fd-6458-4733-8a3a-52d2698abc6b"><testcase classname="tests.test_regime_lab.TestRegimeLabWorkflow" name="test_01_analyze_requires_admin" time="6.785" /><testcase classname="tests.test_regime_lab.TestRegimeLabWorkflow" name="test_02_regression_endpoints" time="6.706" /><testcase classname="tests.test_regime_lab.TestRegimeLabWorkflow" name="test_03_seeded_analysis_schema_and_labels" time="0.165"><failure message="AssertionError: {'id': 0, 'label': 'Seitwärtsmarkt · hohe Volatilität', 'share_pct': 21.6, 'features': {'trend_pct': -8.0922, 'vol_pct': 6.8691, 'efficiency': 0.1114, 'rel_volume': 1.4078}, ...}&#10;assert 'Seitwärtsmarkt' not in 'Seitwärtsma... Volatilität'&#10;  &#10;  'Seitwärtsmarkt' is contained here:&#10;    Seitwärtsmarkt · hohe Volatilität">backend/tests/test_regime_lab.py:102: in test_03_seeded_analysis_schema_and_labels
    self._validate_analysis(analysis)
backend/tests/test_regime_lab.py:291: in _validate_analysis
    assert "Seitwärtsmarkt" not in label, regime
E   AssertionError: {'id': 0, 'label': 'Seitwärtsmarkt · hohe Volatilität', 'share_pct': 21.6, 'features': {'trend_pct': -8.0922, 'vol_pct': 6.8691, 'efficiency': 0.1114, 'rel_volume': 1.4078}, ...}
E   assert 'Seitwärtsmarkt' not in 'Seitwärtsma... Volatilität'
E     
E     'Seitwärtsmarkt' is contained here:
E       Seitwärtsmarkt · hohe Volatilität</failure></testcase><testcase classname="tests.test_regime_lab.TestRegimeLabWorkflow" name="test_04_keep_toggle_and_restore" time="0.460" /><testcase classname="tests.test_regime_lab.TestRegimeLabWorkflow" name="test_04a_keep_rejects_missing_regime_id" time="0.056"><failure message="AssertionError: Internal Server Error&#10;assert 500 in (400, 422)&#10; +  where 500 = &lt;Response [500]&gt;.status_code">backend/tests/test_regime_lab.py:123: in test_04a_keep_rejects_missing_regime_id
    assert response.status_code in (400, 422), response.text
E   AssertionError: Internal Server Error
E   assert 500 in (400, 422)
E    +  where 500 = &lt;Response [500]&gt;.status_code</failure></testcase><testcase classname="tests.test_regime_lab.TestRegimeLabWorkflow" name="test_04b_discarded_regime_is_excluded_from_build" time="0.322"><failure message="AssertionError: {'status': 'success', 'id': 'dyn_23a46673', 'strategy_id': 'custom_bb9a6cdf', 'regimes': [0, 1]}&#10;assert 0 not in [0, 1]&#10; +  where [0, 1] = &lt;built-in method get of dict object at 0xfb66fccf8c80&gt;('regimes', [])&#10; +    where &lt;built-in method get of dict object at 0xfb66fccf8c80&gt; = {'status': 'success', 'id': 'dyn_23a46673', 'strategy_id': 'custom_bb9a6cdf', 'regimes': [0, 1]}.get">backend/tests/test_regime_lab.py:142: in test_04b_discarded_regime_is_excluded_from_build
    assert 0 not in data.get("regimes", []), data
E   AssertionError: {'status': 'success', 'id': 'dyn_23a46673', 'strategy_id': 'custom_bb9a6cdf', 'regimes': [0, 1]}
E   assert 0 not in [0, 1]
E    +  where [0, 1] = &lt;built-in method get of dict object at 0xfb66fccf8c80&gt;('regimes', [])
E    +    where &lt;built-in method get of dict object at 0xfb66fccf8c80&gt; = {'status': 'success', 'id': 'dyn_23a46673', 'strategy_id': 'custom_bb9a6cdf', 'regimes': [0, 1]}.get</failure></testcase><testcase classname="tests.test_regime_lab.TestRegimeLabWorkflow" name="test_05_analyze_and_running_job_guard" time="20.875" /><testcase classname="tests.test_regime_lab.TestRegimeLabWorkflow" name="test_06_created_analysis_persistence_and_schema" time="0.140" /><testcase classname="tests.test_regime_lab.TestRegimeLabWorkflow" name="test_07_optimize_and_running_job_guard" time="2.252" /><testcase classname="tests.test_regime_lab.TestRegimeLabWorkflow" name="test_08_run_result_and_assign_two_regimes" time="0.296" /><testcase classname="tests.test_regime_lab.TestRegimeLabWorkflow" name="test_09_walkforward_result_and_persistence" time="0.198" /><testcase classname="tests.test_regime_lab.TestRegimeLabWorkflow" name="test_10_build_dynamic_and_verify_list" time="0.345" /></testsuite></testsuites>