<?xml version="1.0" encoding="utf-8"?><testsuites name="pytest tests"><testsuite name="pytest" errors="0" failures="0" skipped="0" tests="3" time="16.206" timestamp="2026-07-28T15:02:21.210827+00:00" hostname="agent-env-4d1d96fd-6458-4733-8a3a-52d2698abc6b"><testcase classname="tests.test_regime_worker_regression.TestRegimeLabWorkerRegression" name="test_01_regression_endpoints_and_worker_version" time="7.215" /><testcase classname="tests.test_regime_worker_regression.TestRegimeLabWorkerRegression" name="test_02_cloud_analyze_without_execution_persists_and_deletes" time="8.589" /><testcase classname="tests.test_regime_worker_regression.TestRegimeLabWorkerRegression" name="test_03_local_analyze_never_returns_500" time="0.063" /></testsuite></testsuites>